<?xml version="1.0" encoding="UTF-8"?>
<testng-results total="2" passed="2" failed="0" skipped="0">
  <reporter-output>
  </reporter-output>
  <suite started-at="2021-06-22T06:37:55Z" name="Suite1" finished-at="2021-06-22T06:38:55Z" duration-ms="59589">
    <groups>
    </groups>
    <test started-at="2021-06-22T06:37:55Z" name="Nopackage" finished-at="2021-06-22T06:38:55Z" duration-ms="59589">
      <class name="com.hrms.TestScripts.TC_001">
        <test-method signature="tc101()[pri:0, instance:com.hrms.TestScripts.TC_001@6f8e8894]" started-at="2021-06-22T12:07:55Z" name="tc101" finished-at="2021-06-22T12:08:28Z" duration-ms="32581" status="PASS">
          <reporter-output>
          </reporter-output>
        </test-method> <!-- tc101 -->
      </class> <!-- com.hrms.TestScripts.TC_001 -->
      <class name="com.hrms.TestScripts.TC_002">
        <test-method signature="tc002()[pri:0, instance:com.hrms.TestScripts.TC_002@4bc222e]" started-at="2021-06-22T12:08:28Z" name="tc002" finished-at="2021-06-22T12:08:55Z" duration-ms="26987" status="PASS">
          <reporter-output>
          </reporter-output>
        </test-method> <!-- tc002 -->
      </class> <!-- com.hrms.TestScripts.TC_002 -->
    </test> <!-- Nopackage -->
  </suite> <!-- Suite1 -->
</testng-results>
